SALES REPORT: 12/20/22, 5:35 AM
---------------------------
Potato Crisps        |  0
---------------------------
Stackers             |  0
---------------------------
Grain Waves          |  0
---------------------------
Cloud Popcorn        |  1
---------------------------
Moonpie              |  0
---------------------------
Cowtales             |  0
---------------------------
Wonka Bar            |  0
---------------------------
Crunchie             |  0
---------------------------
Cola                 |  0
---------------------------
Dr. Salt             |  0
---------------------------
Mountain Melter      |  0
---------------------------
Heavy                |  0
---------------------------
U-Chews              |  0
---------------------------
Little League Chew   |  0
---------------------------
Chiclets             |  0
---------------------------
Triplemint           |  5
---------------------------
 **TOTAL SALES** $7.40

SALES REPORT: 12/20/22, 5:35 AM
---------------------------
Potato Crisps        |  0
---------------------------
Stackers             |  0
---------------------------
Grain Waves          |  0
---------------------------
Cloud Popcorn        |  1
---------------------------
Moonpie              |  0
---------------------------
Cowtales             |  0
---------------------------
Wonka Bar            |  0
---------------------------
Crunchie             |  0
---------------------------
Cola                 |  0
---------------------------
Dr. Salt             |  0
---------------------------
Mountain Melter      |  0
---------------------------
Heavy                |  0
---------------------------
U-Chews              |  0
---------------------------
Little League Chew   |  0
---------------------------
Chiclets             |  1
---------------------------
Triplemint           |  5
---------------------------
 **TOTAL SALES** $8.15

