12/16/22, 2:58 AM Feed Money $12 $12.00
12/16/22, 3:03 AM Feed Money $111 $111.00
12/16/22, 3:10 AM Feed Money $12 $12.00
12/16/22, 3:16 AM Feed Money $24 $24.00
12/16/22, 3:19 AM Feed Money $5 $5.00
12/16/22, 3:24 AM Feed Money $12 $12.00
12/16/22, 3:30 AM Feed Money $12 $12.00
12/16/22, 3:30 AM Feed Money $12 $12.00
12/16/22, 3:30 AM U-Chews D1 $0.85 $11.15
12/16/22, 3:30 AM Mountain Melter C3 $1.50 $9.65
12/16/22, 12:29 PM Feed Money $12 $12
12/16/22, 12:29 PM Feed Money $12 $12
12/16/22, 12:29 PM Feed Money $21 $21.00
12/16/22, 12:29 PM Feed Money $21 $21.00
12/16/22, 12:29 PM Triplemint D4 $0.75 $20.25
12/16/22, 12:38 PM Feed Money $12 $12.00
12/16/22, 12:38 PM Feed Money $12 $12.00
12/16/22, 12:38 PM Triplemint D4 $0.75 $11.25
12/16/22, 12:38 PM Give Change $11.25 $0
12/16/22, 12:38 PM Feed Money $12 $12.00
12/16/22, 12:38 PM Feed Money $12 $12.00
12/16/22, 12:38 PM Give Change $12.00 $0
12/16/22, 12:38 PM Give Change $0 $0
12/16/22, 12:39 PM Feed Money $12 $12.00
12/16/22, 12:39 PM Feed Money $12 $12.00
12/16/22, 12:39 PM Give Change $12.00 $0
