12/20/22, 5:35 AM | Feed Money | $2 | $2.00
12/20/22, 5:35 AM | Feed Money | $2 | $2.00
12/20/22, 5:35 AM | Feed Money | $5 | $7.00
12/20/22, 5:35 AM | Feed Money | $5 | $7.00
12/20/22, 5:35 AM | Cloud Popcorn A4 | $3.65 | $3.35
12/20/22, 5:35 AM | Feed Money | $4 | $7.35
12/20/22, 5:35 AM | Feed Money | $4 | $7.35
12/20/22, 5:35 AM | Triplemint D4 | $0.75 | $6.60
12/20/22, 5:35 AM | Triplemint D4 | $0.75 | $5.85
12/20/22, 5:35 AM | Triplemint D4 | $0.75 | $5.10
12/20/22, 5:35 AM | Triplemint D4 | $0.75 | $4.35
12/20/22, 5:35 AM | Triplemint D4 | $0.75 | $3.60
12/20/22, 5:35 AM | Give Change | $3.60 | $0
12/20/22, 5:35 AM | Give Change | $0 | $0
12/20/22, 5:35 AM | Feed Money | $12.00 | $12.00
12/20/22, 5:35 AM | Chiclets D3 | $0.75 | $11.25
12/20/22, 5:35 AM | Give Change | $11.25 | $0
12/20/22, 5:43 AM | Feed Money | $12 | $12.00
12/20/22, 5:43 AM | Feed Money | $12 | $12.00
12/20/22, 5:43 AM | Chiclets D3 | $0.75 | $11.25
12/20/22, 5:43 AM | Mountain Melter C3 | $1.50 | $9.75
12/20/22, 5:43 AM | Wonka Bar B3 | $1.50 | $8.25
12/20/22, 5:43 AM | Grain Waves A3 | $2.75 | $5.50
12/20/22, 5:43 AM | Give Change | $5.50 | $0
